<?xml version="1.0" encoding="UTF-8"?>
<!-- Generated by org.testng.reporters.JUnitReportReporter -->
<testsuite hostname="LAPTOP-MOVMMQ0Q" failures="0" tests="1" name="mavenPrgm.FbMaven" time="3.984" errors="0" timestamp="2024-01-08T19:53:40 IST" skipped="0">
  <testcase classname="mavenPrgm.FbMaven" name="test" time="3.984"/>
  <system-out/>
</testsuite> <!-- mavenPrgm.FbMaven -->
